2021-02-21 14:51:48:688  Method:C:\OrangeFreeSDK\OrangeSDKSmartDeployment\Win32\Debug\OrangeSDKHelper.exe 
2021-02-21 14:51:48:699  Method:生成R.jar:AndroidManifest.xml不存在,请先在Android平台编译Release并运行一次!
2021-02-21 14:52:20:867  Method:C:\OrangeFreeSDK\OrangeSDKSmartDeployment\Win32\Debug\OrangeSDKHelper.exe 
2021-02-21 14:52:20:877  Method:生成R.jar:AndroidManifest.xml不存在,请先在Android平台编译Release并运行一次!
2021-02-21 14:53:45:797  Method:C:\OrangeFreeSDK\OrangeSDKSmartDeployment\Win32\Debug\OrangeSDKHelper.exe 
2021-02-21 14:53:45:808  Method:生成R.jar:AndroidManifest.xml不存在,请先在Android平台编译Release并运行一次!
2021-02-21 14:57:07:584  Method:C:\OrangeFreeSDK\OrangeSDKSmartDeployment\Win32\Debug\OrangeSDKHelper.exe 
2021-02-21 14:57:07:599  Method:twitter-core_aar:准备生成R.java
2021-02-21 14:57:07:792  Method:twitter-core_aar:准备根据aar包中的R.txt去除R.java中的重复资源定义
2021-02-21 14:57:09:413  Method:twitter-core_aar:根据aar包中的R.txt去除R.java中的重复资源定义完成
2021-02-21 14:57:10:699  Method:生成R.jar:任务结束
2021-02-21 14:58:31:523  Method:C:\OrangeFreeSDK\OrangeSDKSmartDeployment\Win32\Debug\OrangeSDKHelper.exe 
2021-02-21 14:58:31:546  Method:生成R.jar:res目录中文件未修改,不需要重新生成!
2021-02-21 15:02:15:897  Method:C:\OrangeFreeSDK\OrangeSDKSmartDeployment\Win32\Debug\OrangeSDKHelper.exe 
2021-02-21 15:02:15:920  Method:生成R.jar:res目录中文件未修改,不需要重新生成!
2021-02-21 15:06:09:029  Method:C:\OrangeFreeSDK\OrangeSDKSmartDeployment\Win32\Debug\OrangeSDKHelper.exe 
2021-02-21 15:06:09:049  Method:生成R.jar:res目录中文件未修改,不需要重新生成!
2021-02-21 15:07:19:408  Method:C:\OrangeFreeSDK\OrangeSDKSmartDeployment\Win32\Debug\OrangeSDKHelper.exe 
2021-02-21 15:07:19:429  Method:生成R.jar:res目录中文件未修改,不需要重新生成!
2021-02-21 16:44:09:337  Method:C:\OrangeFreeSDK\OrangeSDKSmartDeployment\Win32\Debug\OrangeSDKHelper.exe 
2021-02-21 16:44:09:360  Method:生成R.jar:res目录中文件未修改,不需要重新生成!
2021-02-21 16:46:20:493  Method:C:\OrangeFreeSDK\OrangeSDKSmartDeployment\Win32\Debug\OrangeSDKHelper.exe 
2021-02-21 16:46:20:513  Method:生成R.jar:res目录中文件未修改,不需要重新生成!
2021-02-21 16:47:10:509  Method:C:\OrangeFreeSDK\OrangeSDKSmartDeployment\Win32\Debug\OrangeSDKHelper.exe 
2021-02-21 16:47:10:529  Method:生成R.jar:res目录中文件未修改,不需要重新生成!
2021-02-21 16:49:55:481  Method:C:\OrangeFreeSDK\OrangeSDKSmartDeployment\Win32\Debug\OrangeSDKHelper.exe 
2021-02-21 16:49:55:502  Method:生成R.jar:res目录中文件未修改,不需要重新生成!
2021-02-21 16:52:59:918  Method:C:\OrangeFreeSDK\OrangeSDKSmartDeployment\Win32\Debug\OrangeSDKHelper.exe 
2021-02-21 16:52:59:938  Method:生成R.jar:res目录中文件未修改,不需要重新生成!
2021-02-21 16:55:58:590  Method:C:\OrangeFreeSDK\OrangeSDKSmartDeployment\Win32\Debug\OrangeSDKHelper.exe 
2021-02-21 16:55:58:614  Method:生成R.jar:res目录中文件未修改,不需要重新生成!
2021-02-21 16:58:31:545  Method:C:\OrangeFreeSDK\OrangeSDKSmartDeployment\Win32\Debug\OrangeSDKHelper.exe 
2021-02-21 16:58:31:568  Method:生成R.jar:res目录中文件未修改,不需要重新生成!
2021-02-21 17:06:57:470  Method:C:\OrangeFreeSDK\OrangeSDKSmartDeployment\Win32\Debug\OrangeSDKHelper.exe 
2021-02-21 17:06:57:490  Method:生成R.jar:res目录中文件未修改,不需要重新生成!
2021-02-21 17:17:43:954  Method:C:\OrangeFreeSDK\OrangeSDKSmartDeployment\Win32\Debug\OrangeSDKHelper.exe 
2021-02-21 17:17:43:973  Method:生成R.jar:res目录中文件未修改,不需要重新生成!
2021-02-21 17:20:32:320  Method:C:\OrangeFreeSDK\OrangeSDKSmartDeployment\Win32\Debug\OrangeSDKHelper.exe 
2021-02-21 17:20:32:341  Method:生成R.jar:res目录中文件未修改,不需要重新生成!
2021-02-21 18:58:26:115  Method:C:\OrangeFreeSDK\OrangeSDKSmartDeployment\Win32\Debug\OrangeSDKHelper.exe 
2021-02-21 18:58:26:130  Method:生成R.jar:res目录中文件未修改,不需要重新生成!
